  RayTracing.cpp
d:\raytracing\raytracing\raytracing\vec3.h(51): warning C4244: “初始化”: 从“double”转换到“float”，可能丢失数据
d:\raytracing\raytracing\raytracing\vec3.h(136): warning C4244: “初始化”: 从“double”转换到“float”，可能丢失数据
d:\raytracing\raytracing\raytracing\ray.h(45): warning C4244: “初始化”: 从“double”转换到“float”，可能丢失数据
d:\raytracing\raytracing\raytracing\sphere.h(19): warning C4244: “初始化”: 从“double”转换到“float”，可能丢失数据
d:\raytracing\raytracing\raytracing\sphere.h(26): warning C4244: “初始化”: 从“double”转换到“float”，可能丢失数据
d:\raytracing\raytracing\raytracing\sphere.h(35): warning C4244: “=”: 从“double”转换到“float”，可能丢失数据
d:\raytracing\raytracing\raytracing\hitable_list.h(21): warning C4244: “参数”: 从“double”转换到“float”，可能丢失数据
d:\raytracing\raytracing\raytracing\camera.h(21): warning C4244: “初始化”: 从“double”转换到“float”，可能丢失数据
d:\raytracing\raytracing\raytracing\material.h(60): warning C4244: “=”: 从“double”转换到“float”，可能丢失数据
d:\raytracing\raytracing\raytracing\raytracing.cpp(15): warning C4244: “初始化”: 从“double”转换到“float”，可能丢失数据
d:\raytracing\raytracing\raytracing\raytracing.cpp(25): warning C4244: “return”: 从“double”转换到“float”，可能丢失数据
d:\raytracing\raytracing\raytracing\raytracing.cpp(37): warning C4244: “参数”: 从“double”转换到“float”，可能丢失数据
d:\raytracing\raytracing\raytracing\raytracing.cpp(37): warning C4305: “参数”: 从“double”到“float”截断
d:\raytracing\raytracing\raytracing\raytracing.cpp(40): warning C4305: “参数”: 从“double”到“float”截断
d:\raytracing\raytracing\raytracing\raytracing.cpp(43): warning C4244: “参数”: 从“double”转换到“float”，可能丢失数据
d:\raytracing\raytracing\raytracing\raytracing.cpp(43): warning C4305: “参数”: 从“double”到“float”截断
d:\raytracing\raytracing\raytracing\raytracing.cpp(46): warning C4305: “参数”: 从“double”到“float”截断
d:\raytracing\raytracing\raytracing\raytracing.cpp(53): warning C4305: “参数”: 从“double”到“float”截断
d:\raytracing\raytracing\raytracing\raytracing.cpp(54): warning C4305: “参数”: 从“double”到“float”截断
d:\raytracing\raytracing\raytracing\raytracing.cpp(61): warning C4305: “参数”: 从“double”到“float”截断
d:\raytracing\raytracing\raytracing\raytracing.cpp(73): warning C4244: “初始化”: 从“double”转换到“float”，可能丢失数据
d:\raytracing\raytracing\raytracing\raytracing.cpp(74): warning C4244: “参数”: 从“double”转换到“float”，可能丢失数据
d:\raytracing\raytracing\raytracing\raytracing.cpp(74): warning C4305: “参数”: 从“double”到“float”截断
d:\raytracing\raytracing\raytracing\raytracing.cpp(87): warning C4305: “初始化”: 从“double”到“float”截断
  RayTracing.vcxproj -> D:\RayTracing\RayTracing\Debug\RayTracing.exe
  RayTracing.vcxproj -> D:\RayTracing\RayTracing\Debug\RayTracing.pdb (Full PDB)
